<?xml version="1.0" encoding="UTF-8"?>
<!-- Generated by org.testng.reporters.JUnitReportReporter -->
<testsuite hostname="ramkumarra" failures="0" tests="3" name="tests.LoginTestCase01" time="11.022" errors="0" timestamp="2024-09-14T14:22:38 IST" skipped="0">
  <testcase classname="tests.LoginTestCase01" name="validateAllElements" time="1.277"/>
  <system-out/>
  <testcase classname="tests.LoginTestCase01" name="LoginwithCorrectCredentials" time="3.670"/>
  <system-out/>
  <testcase classname="tests.LoginTestCase01" name="LoginWithIncorrectcredentials" time="6.075"/>
  <system-out/>
</testsuite> <!-- tests.LoginTestCase01 -->
