<?xml version="1.0" encoding="UTF-8"?>
<!-- Generated by org.testng.reporters.JUnitReportReporter -->
<testsuite hostname="ramkumarra" failures="0" tests="3" name="tests.LoginTestCase01" time="36.807" errors="0" timestamp="2024-09-12T10:28:55 IST" skipped="0">
  <testcase classname="tests.LoginTestCase01" name="validateAllElements" time="2.729"/>
  <system-out/>
  <testcase classname="tests.LoginTestCase01" name="LoginwithCorrectCredentials" time="28.971"/>
  <system-out/>
  <testcase classname="tests.LoginTestCase01" name="LoginWithIncorrectcredentials" time="5.107"/>
  <system-out/>
</testsuite> <!-- tests.LoginTestCase01 -->
