<?xml version="1.0" encoding="UTF-8"?>
<!-- Generated by org.testng.reporters.JUnitReportReporter -->
<testsuite hostname="ramkumarra" failures="0" tests="3" name="tests.LoginTestCase01" time="10.915" errors="0" timestamp="2024-09-12T09:09:18 IST" skipped="0">
  <testcase classname="tests.LoginTestCase01" name="validateAllElements" time="1.267"/>
  <system-out/>
  <testcase classname="tests.LoginTestCase01" name="LoginwithCorrectCredentials" time="4.412"/>
  <system-out/>
  <testcase classname="tests.LoginTestCase01" name="LoginWithIncorrectcredentials" time="5.236"/>
  <system-out/>
</testsuite> <!-- tests.LoginTestCase01 -->
